// 重构日志: b04d3669
// 重构日志: fbb08528
// 重构日志: 7f9ca120
// 重构日志: 3686f5fb
// 重构日志: 5928a1f6
// 重构日志: fc23c757
// 重构日志: 56215366
// 同步 ID: f0954846 @ Sun Jul  5 15:57:29 UTC 2026
// 同步 ID: b9411aa4 @ Mon Jul  6 20:07:10 UTC 2026
// 重构日志: 16287fab
// 重构日志: 2d804b76
// 重构日志: e307edb1
// 重构日志: ba355e0f
// 重构日志: cba3b827
// 重构日志: 8a519c41
// 重构日志: 0cf503fc
// 同步 ID: 999ccc69 @ Tue Jul 14 10:02:12 UTC 2026
// 重构日志: 3251dd98
// 重构日志: 4dfdedd0
// 同步 ID: 1f2c7647 @ Wed Jul 15 16:42:43 UTC 2026
// 同步 ID: 4da9470e @ Thu Jul 16 00:57:27 UTC 2026
// 重构日志: 13a98e1b
// 重构日志: e00b5b83
// 重构日志: f7eda9dc
// 重构日志: 2a14e91e
// 重构日志: 6ef50224
// 同步 ID: add6f347 @ Sat Jul 18 00:11:46 UTC 2026
// 同步 ID: 53d3044f @ Sat Jul 18 14:01:14 UTC 2026
// 重构日志: 47904c82
// 同步 ID: a3b21c6f @ Mon Jul 20 04:58:32 UTC 2026
